# JRE version: OpenJDK Runtime Environment Temurin-25.0.2+10 (25.0.2+10) (build 25.0.2+10-LTS)
# Java VM: OpenJDK 64-Bit Server VM Temurin-25.0.2+10 (25.0.2+10-LTS, mixed mode, sharing, tiered, compressed oops, compressed class ptrs, g1 gc, linux-amd64)
GC Precious Log:
 CardTable entry size: 512
 Card Set container configuration: InlinePtr #cards 4 size 8 Array Of Cards #cards 16 size 48 Howl #buckets 8 coarsen threshold 3686 Howl Bitmap #cards 512 size 80 coarsen threshold 460 Card regions per heap region 1 cards per card region 4096
 CPUs: 8 total, 8 available
 Memory: 15890M
 Large Page Support: Disabled
 NUMA Support: Disabled
 Compressed Oops: Enabled (Zero based)
 Heap Region Size: 2M
 Heap Min Capacity: 8M
 Heap Initial Capacity: 250M
 Heap Max Capacity: 3974M
 Pre-touch: Disabled
 Parallel Workers: 8
 Concurrent Workers: 2
 Concurrent Refinement Workers: 8
 Periodic GC: Disabled
Heap:
 garbage-first heap   total reserved 4069376K, committed 65536K, used 42732K [0x0000000707a00000, 0x0000000800000000)
  region size 2048K, 14 young (28672K), 2 survivors (4096K)
GC Heap Usage History (12 events):
Event: 2.053 {heap Before GC invocations=0 (full 0):
 garbage-first heap   total reserved 4069376K, committed 258048K, used 54329K [0x0000000707a00000, 0x0000000800000000)
  region size 2048K, 24 young (49152K), 0 survivors (0K)
}
Event: 2.061 {heap After GC invocations=1 (full 0):
 garbage-first heap   total reserved 4069376K, committed 258048K, used 11150K [0x0000000707a00000, 0x0000000800000000)
  region size 2048K, 2 young (4096K), 2 survivors (4096K)
}
Event: 2.626 {heap Before GC invocations=1 (full 0):
 garbage-first heap   total reserved 4069376K, committed 258048K, used 39822K [0x0000000707a00000, 0x0000000800000000)
  region size 2048K, 17 young (34816K), 2 survivors (4096K)
}
Event: 2.635 {heap After GC invocations=2 (full 0):
 garbage-first heap   total reserved 4069376K, committed 258048K, used 15135K [0x0000000707a00000, 0x0000000800000000)
  region size 2048K, 4 young (8192K), 4 survivors (8192K)
}
Event: 2.968 {heap Before GC invocations=3 (full 0):
 garbage-first heap   total reserved 4069376K, committed 55296K, used 54047K [0x0000000707a00000, 0x0000000800000000)
  region size 2048K, 23 young (47104K), 4 survivors (8192K)
}
Event: 2.984 {heap After GC invocations=4 (full 0):
 garbage-first heap   total reserved 4069376K, committed 65536K, used 17303K [0x0000000707a00000, 0x0000000800000000)
  region size 2048K, 5 young (10240K), 5 survivors (10240K)
}
Event: 3.229 {heap Before GC invocations=4 (full 0):
 garbage-first heap   total reserved 4069376K, committed 65536K, used 45975K [0x0000000707a00000, 0x0000000800000000)
  region size 2048K, 19 young (38912K), 5 survivors (10240K)
}
Event: 3.241 {heap After GC invocations=5 (full 0):
 garbage-first heap   total reserved 4069376K, committed 65536K, used 18042K [0x0000000707a00000, 0x0000000800000000)
  region size 2048K, 2 young (4096K), 2 survivors (4096K)
}
Event: 3.486 {heap Before GC invocations=5 (full 0):
 garbage-first heap   total reserved 4069376K, committed 65536K, used 46714K [0x0000000707a00000, 0x0000000800000000)
  region size 2048K, 16 young (32768K), 2 survivors (4096K)
}
Event: 3.491 {heap After GC invocations=6 (full 0):
 garbage-first heap   total reserved 4069376K, committed 65536K, used 19390K [0x0000000707a00000, 0x0000000800000000)
  region size 2048K, 2 young (4096K), 2 survivors (4096K)
}
Event: 3.690 {heap Before GC invocations=6 (full 0):
 garbage-first heap   total reserved 4069376K, committed 65536K, used 50110K [0x0000000707a00000, 0x0000000800000000)
  region size 2048K, 17 young (34816K), 2 survivors (4096K)
}
Event: 3.708 {heap After GC invocations=7 (full 0):
 garbage-first heap   total reserved 4069376K, committed 65536K, used 20204K [0x0000000707a00000, 0x0000000800000000)
  region size 2048K, 2 young (4096K), 2 survivors (4096K)
}

